<?xml version="1.0" encoding="UTF-8"?>
<testExecutions version="1">
  <file path="/Volumes/D/work/FST-Assignment/FST-ASSIGNMENT/src/components/MainApp/tests/MainApp.test.js">
    <testCase name="MainApp component should render correctly with props` and match snapshot" duration="15"/>
    <testCase name="MainApp component should render correctly with props` and match snapshot" duration="2"/>
  </file>
  <file path="/Volumes/D/work/FST-Assignment/FST-ASSIGNMENT/src/components/SideFilterBox/tests/SideFilterBox.test.js">
    <testCase name="SideFilterBox component should render correctly with props` and match snapshot" duration="6"/>
  </file>
  <file path="/Volumes/D/work/FST-Assignment/FST-ASSIGNMENT/src/components/CharacterList/tests/CharacterList.test.js">
    <testCase name="CharacterList component should render correctly with props` and match snapshot" duration="2"/>
  </file>
  <file path="/Volumes/D/work/FST-Assignment/FST-ASSIGNMENT/src/components/Filters/tests/Filters.test.js">
    <testCase name="Filters component should render correctly with props` and match snapshot" duration="4"/>
  </file>
  <file path="/Volumes/D/work/FST-Assignment/FST-ASSIGNMENT/src/components/Header/tests/Header.test.js">
    <testCase name="Header component should render correctly with props` and match snapshot" duration="4"/>
  </file>
</testExecutions>